<?xml version="1.0" encoding="UTF-8"?>
<testng-results skipped="0" failed="0" total="1" passed="1">
  <reporter-output>
  </reporter-output>
  <suite name="NewTest" duration-ms="31" started-at="2019-02-22T20:58:09Z" finished-at="2019-02-22T20:58:09Z">
    <groups>
    </groups>
    <test name="Command line test" duration-ms="31" started-at="2019-02-22T20:58:09Z" finished-at="2019-02-22T20:58:09Z">
      <class name="NewTest">
        <test-method status="PASS" signature="beforeTest()[pri:0, instance:NewTest@6fb554cc]" name="beforeTest" is-config="true" duration-ms="16" started-at="2019-02-22T17:58:09Z" finished-at="2019-02-22T17:58:09Z">
          <reporter-output>
          </reporter-output>
        </test-method> <!-- beforeTest -->
        <test-method status="PASS" signature="f()[pri:0, instance:NewTest@6fb554cc]" name="f" duration-ms="15" started-at="2019-02-22T17:58:09Z" finished-at="2019-02-22T17:58:09Z">
          <reporter-output>
          </reporter-output>
        </test-method> <!-- f -->
        <test-method status="PASS" signature="afterTest()[pri:0, instance:NewTest@6fb554cc]" name="afterTest" is-config="true" duration-ms="0" started-at="2019-02-22T17:58:09Z" finished-at="2019-02-22T17:58:09Z">
          <reporter-output>
          </reporter-output>
        </test-method> <!-- afterTest -->
      </class> <!-- NewTest -->
    </test> <!-- Command line test -->
  </suite> <!-- NewTest -->
</testng-results>
