<?xml version="1.0" encoding="UTF-8"?>
<testng-results skipped="0" failed="0" total="1" passed="1">
  <reporter-output>
  </reporter-output>
  <suite name="Default suite" duration-ms="50" started-at="2019-02-21T13:56:10Z" finished-at="2019-02-21T13:56:10Z">
    <groups>
    </groups>
    <test name="Default test" duration-ms="50" started-at="2019-02-21T13:56:10Z" finished-at="2019-02-21T13:56:10Z">
      <class name="NewTest">
        <test-method status="PASS" signature="beforeTest()[pri:0, instance:NewTest@4520ebad]" name="beforeTest" is-config="true" duration-ms="15" started-at="2019-02-21T10:56:10Z" finished-at="2019-02-21T10:56:10Z">
          <reporter-output>
          </reporter-output>
        </test-method> <!-- beforeTest -->
        <test-method status="PASS" signature="f()[pri:0, instance:NewTest@4520ebad]" name="f" duration-ms="10" started-at="2019-02-21T10:56:10Z" finished-at="2019-02-21T10:56:10Z">
          <reporter-output>
          </reporter-output>
        </test-method> <!-- f -->
        <test-method status="PASS" signature="afterTest()[pri:0, instance:NewTest@4520ebad]" name="afterTest" is-config="true" duration-ms="1" started-at="2019-02-21T10:56:10Z" finished-at="2019-02-21T10:56:10Z">
          <reporter-output>
          </reporter-output>
        </test-method> <!-- afterTest -->
      </class> <!-- NewTest -->
    </test> <!-- Default test -->
  </suite> <!-- Default suite -->
</testng-results>
